<?xml version="1.0" encoding="UTF-8"?>
<!-- Generated by org.testng.reporters.JUnitXMLReporter -->
<testsuite ignored="0" hostname="Shaheens-iMac.lan" failures="0" tests="14" name="Default test" time="10.261" errors="0" timestamp="25 May 2023 05:46:21 GMT">
  <testcase classname="TestAutomation" name="verifyGetApiIsReturningValidResponse" time="2.878"/>
  <testcase classname="TestAutomation" name="BodyValidation" time="0.339"/>
  <testcase classname="TestAutomation" name="ResponseValidation" time="0.117"/>
  <testcase classname="TestAutomation" name="ValidatePostApi" time="0.577"/>
  <testcase classname="TestAutomation" name="PostApi" time="0.551"/>
  <testcase classname="TestAutomation" name="ValidatePostApiUsingHashMap" time="1.126"/>
  <testcase classname="TestAutomation" name="PostComplexApi" time="0.403"/>
  <testcase classname="TestAutomation" name="CreateComplex_post_Api" time="0.564"/>
  <testcase classname="TestAutomation" name="getAllDataofAuthor" time="0.725"/>
  <testcase classname="TestAutomation" name="ValidateGetStatusCode" time="0.626"/>
  <testcase classname="TestAutomation" name="ValidateResponseBodyOfBooks" time="0.497"/>
  <testcase classname="TestAutomation" name="PostAuthors" time="0.593"/>
  <testcase classname="TestAutomation" name="CreatePostAddingBooks" time="0.573"/>
  <testcase classname="TestAutomation" name="ModifyUsingPut" time="0.64"/>
</testsuite> <!-- Default test -->
