<?xml version="1.0" encoding="UTF-8"?>
<testng-results ignored="0" total="15" passed="15" failed="0" skipped="0">
  <reporter-output>
  </reporter-output>
  <suite started-at="2023-05-25T05:47:39Z" name="Suite" finished-at="2023-05-25T05:47:49Z" duration-ms="9810">
    <groups>
    </groups>
    <test started-at="2023-05-25T05:47:39Z" name="Test" finished-at="2023-05-25T05:47:49Z" duration-ms="9810">
      <class name="TestAutomation">
        <test-method signature="verifyGetApiIsReturningValidResponse()[pri:1, instance:TestAutomation@13fd2ccd]" started-at="2023-05-25T05:47:42Z" name="verifyGetApiIsReturningValidResponse" finished-at="2023-05-25T05:47:43Z" duration-ms="556" status="PASS">
          <reporter-output>
          </reporter-output>
        </test-method> <!-- verifyGetApiIsReturningValidResponse -->
        <test-method signature="BodyValidation()[pri:2, instance:TestAutomation@13fd2ccd]" started-at="2023-05-25T05:47:43Z" name="BodyValidation" finished-at="2023-05-25T05:47:43Z" duration-ms="130" status="PASS">
          <reporter-output>
          </reporter-output>
        </test-method> <!-- BodyValidation -->
        <test-method signature="ResponseValidation()[pri:3, instance:TestAutomation@13fd2ccd]" started-at="2023-05-25T05:47:43Z" name="ResponseValidation" finished-at="2023-05-25T05:47:43Z" duration-ms="131" status="PASS">
          <reporter-output>
          </reporter-output>
        </test-method> <!-- ResponseValidation -->
        <test-method signature="ValidatePostApi()[pri:4, instance:TestAutomation@13fd2ccd]" started-at="2023-05-25T05:47:43Z" name="ValidatePostApi" finished-at="2023-05-25T05:47:43Z" duration-ms="533" status="PASS">
          <reporter-output>
          </reporter-output>
        </test-method> <!-- ValidatePostApi -->
        <test-method signature="PostApi()[pri:5, instance:TestAutomation@13fd2ccd]" started-at="2023-05-25T05:47:43Z" name="PostApi" finished-at="2023-05-25T05:47:44Z" duration-ms="495" status="PASS">
          <reporter-output>
          </reporter-output>
        </test-method> <!-- PostApi -->
        <test-method signature="ValidatePostApiUsingHashMap()[pri:6, instance:TestAutomation@13fd2ccd]" started-at="2023-05-25T05:47:44Z" name="ValidatePostApiUsingHashMap" finished-at="2023-05-25T05:47:45Z" duration-ms="901" status="PASS">
          <reporter-output>
          </reporter-output>
        </test-method> <!-- ValidatePostApiUsingHashMap -->
        <test-method signature="PostComplexApi()[pri:7, instance:TestAutomation@13fd2ccd]" started-at="2023-05-25T05:47:45Z" name="PostComplexApi" finished-at="2023-05-25T05:47:45Z" duration-ms="344" status="PASS">
          <reporter-output>
          </reporter-output>
        </test-method> <!-- PostComplexApi -->
        <test-method signature="CreateComplex_post_Api()[pri:8, instance:TestAutomation@13fd2ccd]" started-at="2023-05-25T05:47:45Z" name="CreateComplex_post_Api" finished-at="2023-05-25T05:47:46Z" duration-ms="401" status="PASS">
          <reporter-output>
          </reporter-output>
        </test-method> <!-- CreateComplex_post_Api -->
        <test-method signature="getAllDataofAuthor()[pri:9, instance:TestAutomation@13fd2ccd]" started-at="2023-05-25T05:47:46Z" name="getAllDataofAuthor" finished-at="2023-05-25T05:47:46Z" duration-ms="698" status="PASS">
          <reporter-output>
          </reporter-output>
        </test-method> <!-- getAllDataofAuthor -->
        <test-method signature="ValidateGetStatusCode()[pri:10, instance:TestAutomation@13fd2ccd]" started-at="2023-05-25T05:47:46Z" name="ValidateGetStatusCode" finished-at="2023-05-25T05:47:47Z" duration-ms="540" status="PASS">
          <reporter-output>
          </reporter-output>
        </test-method> <!-- ValidateGetStatusCode -->
        <test-method signature="ValidateResponseBodyOfBooks()[pri:11, instance:TestAutomation@13fd2ccd]" started-at="2023-05-25T05:47:47Z" name="ValidateResponseBodyOfBooks" finished-at="2023-05-25T05:47:47Z" duration-ms="559" status="PASS">
          <reporter-output>
          </reporter-output>
        </test-method> <!-- ValidateResponseBodyOfBooks -->
        <test-method signature="PostAuthors()[pri:12, instance:TestAutomation@13fd2ccd]" started-at="2023-05-25T05:47:47Z" name="PostAuthors" finished-at="2023-05-25T05:47:48Z" duration-ms="561" status="PASS">
          <reporter-output>
          </reporter-output>
        </test-method> <!-- PostAuthors -->
        <test-method signature="CreatePostAddingBooks()[pri:13, instance:TestAutomation@13fd2ccd]" started-at="2023-05-25T05:47:48Z" name="CreatePostAddingBooks" finished-at="2023-05-25T05:47:48Z" duration-ms="551" status="PASS">
          <reporter-output>
          </reporter-output>
        </test-method> <!-- CreatePostAddingBooks -->
        <test-method signature="ModifyUsingPut()[pri:14, instance:TestAutomation@13fd2ccd]" started-at="2023-05-25T05:47:48Z" name="ModifyUsingPut" finished-at="2023-05-25T05:47:49Z" duration-ms="482" status="PASS">
          <reporter-output>
          </reporter-output>
        </test-method> <!-- ModifyUsingPut -->
      </class> <!-- TestAutomation -->
      <class name="postApi">
        <test-method signature="ValidatePostApi()[pri:0, instance:postApi@48aca48b]" started-at="2023-05-25T05:47:39Z" name="ValidatePostApi" finished-at="2023-05-25T05:47:42Z" duration-ms="2903" status="PASS">
          <reporter-output>
          </reporter-output>
        </test-method> <!-- ValidatePostApi -->
      </class> <!-- postApi -->
    </test> <!-- Test -->
  </suite> <!-- Suite -->
</testng-results>
